
Gurobi 9.0.3 (win64, R) logging started Thu Sep 17 17:13:35 2020

Academic license - for non-commercial use only

Gurobi 9.0.3 (win64, R) logging started Thu Sep 17 17:13:35 2020

Academic license - for non-commercial use only
Gurobi Optimizer version 9.0.3 build v9.0.3rc0 (win64)
Optimize a model with 23 rows, 137 columns and 261 nonzeros
Model fingerprint: 0xd347a5b4
Model has 2 general constraints
Variable types: 25 continuous, 112 integer (112 binary)
Coefficient statistics:
  Matrix range     [1e+00, 1e+00]
  Objective range  [1e+00, 1e+00]
  Bounds range     [1e+00, 1e+00]
  RHS range        [2e+00, 7e+00]

---------------------------------------------------------------------------
Multi-objectives: starting optimization with 2 objectives ... 
---------------------------------------------------------------------------

Multi-objectives: applying initial presolve ...
---------------------------------------------------------------------------

Presolve added 13 rows and 0 columns
Presolve removed 0 rows and 3 columns
Presolve time: 0.00s
Presolved: 36 rows and 134 columns
---------------------------------------------------------------------------

Multi-objectives: optimize objective 1 (TotalSlack) ...
---------------------------------------------------------------------------

Presolve added 8 rows and 0 columns
Presolve removed 0 rows and 20 columns
Presolve time: 0.00s
Presolved: 44 rows, 114 columns, 224 nonzeros
Presolved model has 8 SOS constraint(s)
Variable types: 18 continuous, 96 integer (81 binary)
Found heuristic solution: objective 7.0000000
Found heuristic solution: objective 6.0000000

Root relaxation: objective 3.000000e+00, 30 iterations, 0.00 seconds

    Nodes    |    Current Node    |     Objective Bounds      |     Work
 Expl Unexpl |  Obj  Depth IntInf | Incumbent    BestBd   Gap | It/Node Time

     0     0    3.00000    0    4    6.00000    3.00000  50.0%     -    0s
H    0     0                       3.0000000    3.00000  0.00%     -    0s
     0     0    3.00000    0    4    3.00000    3.00000  0.00%     -    0s

Explored 1 nodes (30 simplex iterations) in 0.01 seconds
Thread count was 8 (of 8 available processors)

Solution count 3: 3 6 7 

Optimal solution found (tolerance 1.00e-04)
Best objective 3.000000000000e+00, best bound 3.000000000000e+00, gap 0.0000%
---------------------------------------------------------------------------

Multi-objectives: optimize objective 2 (Fairness) ...
---------------------------------------------------------------------------


Loaded user MIP start with objective 4

Presolve added 8 rows and 0 columns
Presolve removed 0 rows and 10 columns
Presolve time: 0.00s
Presolved: 45 rows, 124 columns, 273 nonzeros
Presolved model has 8 SOS constraint(s)
Variable types: 18 continuous, 106 integer (81 binary)

Root relaxation: objective 0.000000e+00, 60 iterations, 0.00 seconds

    Nodes    |    Current Node    |     Objective Bounds      |     Work
 Expl Unexpl |  Obj  Depth IntInf | Incumbent    BestBd   Gap | It/Node Time

     0     0    0.00000    0   19    4.00000    0.00000   100%     -    0s
H    0     0                       1.0000000    0.00000   100%     -    0s
     0     0    0.14286    0   21    1.00000    0.14286  85.7%     -    0s
     0     0    0.14286    0   18    1.00000    0.14286  85.7%     -    0s
     0     0    0.14286    0   16    1.00000    0.14286  85.7%     -    0s
     0     2    0.14286    0   16    1.00000    0.14286  85.7%     -    0s

Explored 1213 nodes (4042 simplex iterations) in 0.16 seconds
Thread count was 8 (of 8 available processors)

Solution count 3: 1 1 4 

Optimal solution found (tolerance 1.00e-04)
Best objective 1.000000000000e+00, best bound 1.000000000000e+00, gap 0.0000%

---------------------------------------------------------------------------
Multi-objectives: solved in 0.17 seconds, solution count 5

