
Gurobi 9.0.3 (win64, R) logging started Thu Sep 17 17:13:35 2020

Academic license - for non-commercial use only

Gurobi 9.0.3 (win64, R) logging started Thu Sep 17 17:13:35 2020

Academic license - for non-commercial use only
Gurobi Optimizer version 9.0.3 build v9.0.3rc0 (win64)
Optimize a model with 22 rows, 128 columns and 232 nonzeros
Model fingerprint: 0x78ab1a9c
Variable types: 30 continuous, 98 integer (98 binary)
Coefficient statistics:
  Matrix range     [1e+00, 1e+00]
  Objective range  [1e+00, 1e+00]
  Bounds range     [1e+00, 1e+00]
  RHS range        [2e+00, 7e+00]
Found heuristic solution: objective 58.0000000
Presolve removed 22 rows and 128 columns
Presolve time: 0.00s
Presolve: All rows and columns removed

Explored 0 nodes (0 simplex iterations) in 0.00 seconds
Thread count was 1 (of 8 available processors)

Solution count 2: 6 

Optimal solution found (tolerance 1.00e-04)
Best objective 6.000000000000e+00, best bound 6.000000000000e+00, gap 0.0000%

Gurobi 9.0.3 (win64, R) logging started Thu Sep 17 17:13:35 2020

Academic license - for non-commercial use only

Gurobi 9.0.3 (win64, R) logging started Thu Sep 17 17:13:35 2020

Academic license - for non-commercial use only
Gurobi Optimizer version 9.0.3 build v9.0.3rc0 (win64)
Optimize a model with 30 rows, 128 columns and 261 nonzeros
Model fingerprint: 0x377bf6f1
Model has 7 quadratic objective terms
Variable types: 30 continuous, 98 integer (98 binary)
Coefficient statistics:
  Matrix range     [1e+00, 7e+00]
  Objective range  [0e+00, 0e+00]
  QObjective range [2e+00, 2e+00]
  Bounds range     [1e+00, 6e+00]
  RHS range        [2e+00, 7e+00]
Found heuristic solution: objective 37.7142857
Presolve removed 6 rows and 63 columns
Presolve time: 0.00s
Presolved: 24 rows, 65 columns, 136 nonzeros
Presolved model has 7 quadratic objective terms
Variable types: 7 continuous, 58 integer (50 binary)

Root relaxation: objective 2.142857e-01, 219 iterations, 0.00 seconds

    Nodes    |    Current Node    |     Objective Bounds      |     Work
 Expl Unexpl |  Obj  Depth IntInf | Incumbent    BestBd   Gap | It/Node Time

H    0     0                      25.7142857    0.00000   100%     -    0s
     0     0    0.21429    0   12   25.71429    0.21429  99.2%     -    0s
H    0     0                       3.7142857    0.21429  94.2%     -    0s
H    0     0                       1.7142857    0.21429  87.5%     -    0s
     0     0    0.21429    0   12    1.71429    0.21429  87.5%     -    0s
     0     2    0.21429    0   12    1.71429    0.21429  87.5%     -    0s

Explored 19 nodes (273 simplex iterations) in 0.04 seconds
Thread count was 8 (of 8 available processors)

Solution count 4: 1.71429 3.71429 25.7143 37.7143 

Optimal solution found (tolerance 1.00e-04)
Best objective 1.714285714286e+00, best bound 1.714285714286e+00, gap 0.0000%
