
Gurobi 9.0.3 (win64, R) logging started Thu Sep 17 17:13:30 2020

Academic license - for non-commercial use only

Gurobi 9.0.3 (win64, R) logging started Thu Sep 17 17:13:30 2020

Academic license - for non-commercial use only
Gurobi Optimizer version 9.0.3 build v9.0.3rc0 (win64)
Optimize a model with 14 rows, 98 columns and 98 nonzeros
Model fingerprint: 0xbddc1063
Coefficient statistics:
  Matrix range     [1e+00, 1e+00]
  Objective range  [8e+00, 1e+01]
  Bounds range     [1e+00, 1e+00]
  RHS range        [2e+00, 7e+00]
Presolve removed 1 rows and 60 columns
Presolve time: 0.00s

Solved in 0 iterations and 0.00 seconds
Infeasible model

Gurobi 9.0.3 (win64, R) logging started Thu Sep 17 17:13:30 2020

Academic license - for non-commercial use only

IIS computed: 1 constraints and 7 bounds
IIS runtime: 0.00 seconds

Gurobi 9.0.3 (win64, R) logging started Thu Sep 17 17:13:30 2020

Academic license - for non-commercial use only

Gurobi 9.0.3 (win64, R) logging started Thu Sep 17 17:13:30 2020

Academic license - for non-commercial use only
Gurobi Optimizer version 9.0.3 build v9.0.3rc0 (win64)
Optimize a model with 13 rows, 98 columns and 91 nonzeros
Model fingerprint: 0x75a77c30
Coefficient statistics:
  Matrix range     [1e+00, 1e+00]
  Objective range  [8e+00, 1e+01]
  Bounds range     [1e+00, 1e+00]
  RHS range        [2e+00, 7e+00]
Presolve removed 1 rows and 61 columns
Presolve time: 0.00s

Solved in 0 iterations and 0.00 seconds
Infeasible model

Gurobi 9.0.3 (win64, R) logging started Thu Sep 17 17:13:30 2020

Academic license - for non-commercial use only

IIS computed: 1 constraints and 7 bounds
IIS runtime: 0.00 seconds

Gurobi 9.0.3 (win64, R) logging started Thu Sep 17 17:13:30 2020

Academic license - for non-commercial use only

Gurobi 9.0.3 (win64, R) logging started Thu Sep 17 17:13:30 2020

Academic license - for non-commercial use only
Gurobi Optimizer version 9.0.3 build v9.0.3rc0 (win64)
Optimize a model with 12 rows, 98 columns and 84 nonzeros
Model fingerprint: 0x529973cc
Coefficient statistics:
  Matrix range     [1e+00, 1e+00]
  Objective range  [8e+00, 1e+01]
  Bounds range     [1e+00, 1e+00]
  RHS range        [2e+00, 7e+00]
Presolve removed 1 rows and 62 columns
Presolve time: 0.00s

Solved in 0 iterations and 0.00 seconds
Infeasible model

Gurobi 9.0.3 (win64, R) logging started Thu Sep 17 17:13:30 2020

Academic license - for non-commercial use only

IIS computed: 1 constraints and 7 bounds
IIS runtime: 0.00 seconds

Gurobi 9.0.3 (win64, R) logging started Thu Sep 17 17:13:30 2020

Academic license - for non-commercial use only

Gurobi 9.0.3 (win64, R) logging started Thu Sep 17 17:13:30 2020

Academic license - for non-commercial use only
Gurobi Optimizer version 9.0.3 build v9.0.3rc0 (win64)
Optimize a model with 11 rows, 98 columns and 77 nonzeros
Model fingerprint: 0x0cbf4dba
Coefficient statistics:
  Matrix range     [1e+00, 1e+00]
  Objective range  [8e+00, 1e+01]
  Bounds range     [1e+00, 1e+00]
  RHS range        [2e+00, 7e+00]
Presolve removed 1 rows and 63 columns
Presolve time: 0.00s

Solved in 0 iterations and 0.00 seconds
Infeasible model

Gurobi 9.0.3 (win64, R) logging started Thu Sep 17 17:13:30 2020

Academic license - for non-commercial use only

IIS computed: 1 constraints and 7 bounds
IIS runtime: 0.00 seconds

Gurobi 9.0.3 (win64, R) logging started Thu Sep 17 17:13:30 2020

Academic license - for non-commercial use only

Gurobi 9.0.3 (win64, R) logging started Thu Sep 17 17:13:30 2020

Academic license - for non-commercial use only
Gurobi Optimizer version 9.0.3 build v9.0.3rc0 (win64)
Optimize a model with 10 rows, 98 columns and 70 nonzeros
Model fingerprint: 0x02f1ed80
Coefficient statistics:
  Matrix range     [1e+00, 1e+00]
  Objective range  [8e+00, 1e+01]
  Bounds range     [1e+00, 1e+00]
  RHS range        [2e+00, 7e+00]
Presolve removed 10 rows and 98 columns
Presolve time: 0.00s
Presolve: All rows and columns removed
Iteration    Objective       Primal Inf.    Dual Inf.      Time
       0    3.3500000e+02   0.000000e+00   1.480000e+02      0s
Extra 5 simplex iterations after uncrush
       5    3.3500000e+02   0.000000e+00   0.000000e+00      0s

Solved in 5 iterations and 0.00 seconds
Optimal objective  3.350000000e+02
